0.000000000000000000e+00 3.180000000000000000e+03 1.932000000000000000e+03 2.995000000000000000e+03 6.234000000000000000e+03 7.664000000000000000e+03 3.954000000000000000e+03 5.186000000000000000e+03 9.381000000000000000e+03 9.054000000000000000e+03
0.000000000000000000e+00 3.571000000000000000e+03 3.058000000000000000e+03 4.816000000000000000e+03 8.225000000000000000e+03 5.660000000000000000e+03 3.838000000000000000e+03 4.356000000000000000e+03 5.378000000000000000e+03 1.067800000000000000e+04
0.000000000000000000e+00 3.955000000000000000e+03 2.796000000000000000e+03 3.062000000000000000e+03 5.110000000000000000e+03 6.237000000000000000e+03 3.494000000000000000e+03 4.796000000000000000e+03 8.177000000000000000e+03 1.167500000000000000e+04
0.000000000000000000e+00 2.652000000000000000e+03 1.898000000000000000e+03 2.806000000000000000e+03 5.393000000000000000e+03 1.029700000000000000e+04 4.342000000000000000e+03 4.303000000000000000e+03 8.934000000000000000e+03 8.893000000000000000e+03
0.000000000000000000e+00 3.687000000000000000e+03 2.151000000000000000e+03 2.793000000000000000e+03 5.840000000000000000e+03 7.587000000000000000e+03 3.329000000000000000e+03 4.852000000000000000e+03 7.717000000000000000e+03 1.173000000000000000e+04
0.000000000000000000e+00 3.981000000000000000e+03 2.600000000000000000e+03 2.959000000000000000e+03 5.037000000000000000e+03 4.951000000000000000e+03 4.030000000000000000e+03 5.343000000000000000e+03 8.051000000000000000e+03 1.235000000000000000e+04
0.000000000000000000e+00 4.221000000000000000e+03 2.426000000000000000e+03 3.078000000000000000e+03 5.652000000000000000e+03 6.584000000000000000e+03 3.563000000000000000e+03 4.858000000000000000e+03 6.725000000000000000e+03 1.223700000000000000e+04
0.000000000000000000e+00 3.360000000000000000e+03 2.141000000000000000e+03 3.041000000000000000e+03 7.724000000000000000e+03 7.515000000000000000e+03 3.743000000000000000e+03 4.764000000000000000e+03 7.321000000000000000e+03 9.804000000000000000e+03
0.000000000000000000e+00 3.201000000000000000e+03 1.997000000000000000e+03 2.834000000000000000e+03 5.674000000000000000e+03 9.260000000000000000e+03 3.918000000000000000e+03 4.526000000000000000e+03 7.692000000000000000e+03 1.036600000000000000e+04
0.000000000000000000e+00 3.666000000000000000e+03 2.395000000000000000e+03 3.382000000000000000e+03 6.563000000000000000e+03 5.959000000000000000e+03 3.547000000000000000e+03 4.683000000000000000e+03 8.011000000000000000e+03 1.113800000000000000e+04
0.000000000000000000e+00 3.613000000000000000e+03 2.365000000000000000e+03 2.693000000000000000e+03 5.327000000000000000e+03 8.584000000000000000e+03 3.796000000000000000e+03 4.554000000000000000e+03 6.725000000000000000e+03 1.166200000000000000e+04
0.000000000000000000e+00 3.313000000000000000e+03 2.100000000000000000e+03 3.314000000000000000e+03 6.389000000000000000e+03 7.214000000000000000e+03 4.230000000000000000e+03 5.035000000000000000e+03 8.255000000000000000e+03 9.494000000000000000e+03
0.000000000000000000e+00 4.235000000000000000e+03 3.239000000000000000e+03 3.994000000000000000e+03 6.410000000000000000e+03 4.557000000000000000e+03 3.599000000000000000e+03 4.654000000000000000e+03 6.238000000000000000e+03 1.257400000000000000e+04
0.000000000000000000e+00 4.478000000000000000e+03 2.266000000000000000e+03 2.845000000000000000e+03 5.706000000000000000e+03 5.193000000000000000e+03 3.022000000000000000e+03 5.328000000000000000e+03 7.608000000000000000e+03 1.302200000000000000e+04
0.000000000000000000e+00 3.374000000000000000e+03 2.317000000000000000e+03 3.480000000000000000e+03 6.691000000000000000e+03 7.112000000000000000e+03 4.548000000000000000e+03 5.095000000000000000e+03 7.126000000000000000e+03 9.761000000000000000e+03
0.000000000000000000e+00 4.188000000000000000e+03 2.410000000000000000e+03 2.987000000000000000e+03 4.887000000000000000e+03 5.627000000000000000e+03 3.407000000000000000e+03 5.560000000000000000e+03 8.908000000000000000e+03 1.162700000000000000e+04
0.000000000000000000e+00 4.279000000000000000e+03 1.935000000000000000e+03 3.152000000000000000e+03 7.694000000000000000e+03 6.384000000000000000e+03 3.134000000000000000e+03 5.235000000000000000e+03 6.923000000000000000e+03 1.069600000000000000e+04
0.000000000000000000e+00 3.785000000000000000e+03 3.024000000000000000e+03 4.518000000000000000e+03 7.653000000000000000e+03 6.341000000000000000e+03 3.865000000000000000e+03 4.516000000000000000e+03 5.337000000000000000e+03 1.037400000000000000e+04
0.000000000000000000e+00 3.101000000000000000e+03 2.035000000000000000e+03 2.382000000000000000e+03 3.096000000000000000e+03 4.877000000000000000e+03 2.788000000000000000e+03 3.821000000000000000e+03 1.747900000000000000e+04 9.765000000000000000e+03
0.000000000000000000e+00 3.891000000000000000e+03 2.826000000000000000e+03 3.195000000000000000e+03 5.209000000000000000e+03 7.455000000000000000e+03 3.363000000000000000e+03 4.582000000000000000e+03 6.604000000000000000e+03 1.222300000000000000e+04
0.000000000000000000e+00 3.987000000000000000e+03 2.024000000000000000e+03 3.489000000000000000e+03 5.834000000000000000e+03 6.527000000000000000e+03 2.723000000000000000e+03 5.035000000000000000e+03 9.906000000000000000e+03 9.804000000000000000e+03
0.000000000000000000e+00 4.449000000000000000e+03 1.978000000000000000e+03 2.820000000000000000e+03 5.606000000000000000e+03 4.869000000000000000e+03 2.801000000000000000e+03 5.250000000000000000e+03 8.049000000000000000e+03 1.364200000000000000e+04
0.000000000000000000e+00 3.324000000000000000e+03 1.901000000000000000e+03 3.511000000000000000e+03 5.805000000000000000e+03 5.163000000000000000e+03 2.898000000000000000e+03 4.125000000000000000e+03 1.496100000000000000e+04 7.725000000000000000e+03
0.000000000000000000e+00 4.555000000000000000e+03 3.224000000000000000e+03 4.914000000000000000e+03 6.486000000000000000e+03 5.315000000000000000e+03 2.876000000000000000e+03 5.068000000000000000e+03 6.726000000000000000e+03 1.043000000000000000e+04
0.000000000000000000e+00 4.857000000000000000e+03 2.116000000000000000e+03 4.214000000000000000e+03 6.917000000000000000e+03 5.928000000000000000e+03 3.056000000000000000e+03 5.121000000000000000e+03 8.470000000000000000e+03 8.911000000000000000e+03
0.000000000000000000e+00 4.814000000000000000e+03 2.371000000000000000e+03 5.039000000000000000e+03 6.540000000000000000e+03 6.391000000000000000e+03 2.395000000000000000e+03 5.658000000000000000e+03 7.272000000000000000e+03 9.206000000000000000e+03
0.000000000000000000e+00 4.764000000000000000e+03 1.782000000000000000e+03 3.713000000000000000e+03 6.865000000000000000e+03 6.228000000000000000e+03 2.640000000000000000e+03 5.254000000000000000e+03 8.213000000000000000e+03 1.018500000000000000e+04
0.000000000000000000e+00 4.435000000000000000e+03 2.293000000000000000e+03 4.097000000000000000e+03 8.026000000000000000e+03 5.956000000000000000e+03 2.909000000000000000e+03 4.999000000000000000e+03 6.521000000000000000e+03 1.031600000000000000e+04
0.000000000000000000e+00 4.581000000000000000e+03 2.245000000000000000e+03 3.816000000000000000e+03 6.847000000000000000e+03 7.482000000000000000e+03 2.020000000000000000e+03 5.179000000000000000e+03 7.523000000000000000e+03 9.720000000000000000e+03
0.000000000000000000e+00 4.840000000000000000e+03 2.859000000000000000e+03 4.411000000000000000e+03 5.343000000000000000e+03 4.985000000000000000e+03 2.661000000000000000e+03 5.909000000000000000e+03 8.102000000000000000e+03 1.022500000000000000e+04
0.000000000000000000e+00 4.112000000000000000e+03 1.519000000000000000e+03 2.726000000000000000e+03 5.621000000000000000e+03 7.472000000000000000e+03 2.607000000000000000e+03 5.024000000000000000e+03 1.162100000000000000e+04 8.711000000000000000e+03
0.000000000000000000e+00 5.026000000000000000e+03 2.433000000000000000e+03 3.865000000000000000e+03 4.405000000000000000e+03 4.781000000000000000e+03 3.051000000000000000e+03 5.251000000000000000e+03 8.520000000000000000e+03 1.216800000000000000e+04
0.000000000000000000e+00 3.549000000000000000e+03 7.640000000000000000e+02 1.909000000000000000e+03 5.680000000000000000e+03 6.995000000000000000e+03 2.784000000000000000e+03 5.312000000000000000e+03 1.201500000000000000e+04 1.040500000000000000e+04
0.000000000000000000e+00 3.772000000000000000e+03 1.639000000000000000e+03 3.246000000000000000e+03 6.176000000000000000e+03 8.701000000000000000e+03 3.434000000000000000e+03 4.946000000000000000e+03 9.346000000000000000e+03 8.153000000000000000e+03
0.000000000000000000e+00 3.063000000000000000e+03 1.456000000000000000e+03 2.352000000000000000e+03 5.829000000000000000e+03 1.276200000000000000e+04 3.289000000000000000e+03 4.657000000000000000e+03 8.716000000000000000e+03 7.289000000000000000e+03
0.000000000000000000e+00 3.940000000000000000e+03 1.940000000000000000e+03 3.551000000000000000e+03 5.859000000000000000e+03 6.907000000000000000e+03 2.922000000000000000e+03 5.005000000000000000e+03 1.051700000000000000e+04 8.969000000000000000e+03
0.000000000000000000e+00 5.661000000000000000e+03 1.607000000000000000e+03 2.830000000000000000e+03 5.095000000000000000e+03 5.793000000000000000e+03 2.393000000000000000e+03 6.474000000000000000e+03 9.218000000000000000e+03 1.034200000000000000e+04
0.000000000000000000e+00 3.013000000000000000e+03 1.379000000000000000e+03 2.358000000000000000e+03 6.141000000000000000e+03 8.358000000000000000e+03 4.013000000000000000e+03 5.565000000000000000e+03 1.017500000000000000e+04 8.411000000000000000e+03
0.000000000000000000e+00 4.855000000000000000e+03 1.844000000000000000e+03 3.518000000000000000e+03 6.237000000000000000e+03 6.639000000000000000e+03 2.107000000000000000e+03 5.528000000000000000e+03 8.982000000000000000e+03 9.808000000000000000e+03
0.000000000000000000e+00 4.064000000000000000e+03 9.760000000000000000e+02 1.803000000000000000e+03 4.778000000000000000e+03 4.294000000000000000e+03 1.496000000000000000e+03 4.698000000000000000e+03 1.928500000000000000e+04 8.019000000000000000e+03
0.000000000000000000e+00 5.265000000000000000e+03 2.327000000000000000e+03 2.768000000000000000e+03 4.616000000000000000e+03 3.098000000000000000e+03 2.374000000000000000e+03 5.623000000000000000e+03 7.830000000000000000e+03 1.544300000000000000e+04
0.000000000000000000e+00 4.339000000000000000e+03 2.095000000000000000e+03 2.571000000000000000e+03 3.549000000000000000e+03 3.688000000000000000e+03 2.403000000000000000e+03 5.102000000000000000e+03 9.230000000000000000e+03 1.636700000000000000e+04
0.000000000000000000e+00 4.638000000000000000e+03 3.030000000000000000e+03 3.407000000000000000e+03 5.004000000000000000e+03 4.390000000000000000e+03 3.455000000000000000e+03 5.211000000000000000e+03 7.212000000000000000e+03 1.306600000000000000e+04
0.000000000000000000e+00 4.496000000000000000e+03 2.971000000000000000e+03 3.551000000000000000e+03 5.673000000000000000e+03 4.663000000000000000e+03 3.226000000000000000e+03 5.266000000000000000e+03 6.996000000000000000e+03 1.257100000000000000e+04
0.000000000000000000e+00 3.589000000000000000e+03 2.369000000000000000e+03 2.991000000000000000e+03 4.010000000000000000e+03 3.076000000000000000e+03 2.418000000000000000e+03 3.884000000000000000e+03 5.450000000000000000e+03 9.659000000000000000e+03
0.000000000000000000e+00 5.682000000000000000e+03 2.199000000000000000e+03 3.432000000000000000e+03 5.758000000000000000e+03 4.063000000000000000e+03 2.876000000000000000e+03 5.758000000000000000e+03 7.513000000000000000e+03 1.213200000000000000e+04
0.000000000000000000e+00 5.201000000000000000e+03 2.225000000000000000e+03 1.979000000000000000e+03 2.286000000000000000e+03 1.943000000000000000e+03 2.219000000000000000e+03 5.470000000000000000e+03 9.108000000000000000e+03 1.891300000000000000e+04
0.000000000000000000e+00 5.074000000000000000e+03 2.576000000000000000e+03 3.172000000000000000e+03 3.835000000000000000e+03 2.955000000000000000e+03 2.313000000000000000e+03 5.199000000000000000e+03 8.653000000000000000e+03 1.581700000000000000e+04
0.000000000000000000e+00 4.965000000000000000e+03 2.677000000000000000e+03 2.964000000000000000e+03 3.980000000000000000e+03 3.337000000000000000e+03 2.838000000000000000e+03 5.365000000000000000e+03 7.903000000000000000e+03 1.538400000000000000e+04
0.000000000000000000e+00 4.890000000000000000e+03 1.924000000000000000e+03 2.792000000000000000e+03 5.006000000000000000e+03 6.444000000000000000e+03 2.971000000000000000e+03 6.049000000000000000e+03 9.444000000000000000e+03 1.001600000000000000e+04
0.000000000000000000e+00 5.022000000000000000e+03 1.865000000000000000e+03 2.661000000000000000e+03 6.372000000000000000e+03 4.715000000000000000e+03 2.985000000000000000e+03 5.305000000000000000e+03 1.203700000000000000e+04 8.767000000000000000e+03
0.000000000000000000e+00 5.417000000000000000e+03 2.618000000000000000e+03 2.920000000000000000e+03 4.271000000000000000e+03 3.150000000000000000e+03 2.644000000000000000e+03 5.638000000000000000e+03 8.026000000000000000e+03 1.472900000000000000e+04
0.000000000000000000e+00 4.750000000000000000e+03 3.036000000000000000e+03 3.114000000000000000e+03 3.269000000000000000e+03 2.674000000000000000e+03 2.571000000000000000e+03 4.974000000000000000e+03 8.356000000000000000e+03 1.666900000000000000e+04
0.000000000000000000e+00 4.560000000000000000e+03 2.381000000000000000e+03 3.355000000000000000e+03 5.821000000000000000e+03 5.184000000000000000e+03 2.791000000000000000e+03 5.438000000000000000e+03 7.836000000000000000e+03 1.236300000000000000e+04
0.000000000000000000e+00 4.970000000000000000e+03 2.997000000000000000e+03 3.178000000000000000e+03 3.816000000000000000e+03 3.032000000000000000e+03 2.679000000000000000e+03 5.404000000000000000e+03 8.036000000000000000e+03 1.530100000000000000e+04
0.000000000000000000e+00 4.243000000000000000e+03 2.825000000000000000e+03 3.823000000000000000e+03 5.817000000000000000e+03 5.720000000000000000e+03 3.227000000000000000e+03 4.986000000000000000e+03 8.211000000000000000e+03 1.056100000000000000e+04
0.000000000000000000e+00 3.805000000000000000e+03 2.620000000000000000e+03 3.409000000000000000e+03 5.825000000000000000e+03 4.422000000000000000e+03 3.376000000000000000e+03 4.611000000000000000e+03 1.130400000000000000e+04 9.928000000000000000e+03
0.000000000000000000e+00 4.499000000000000000e+03 2.152000000000000000e+03 4.285000000000000000e+03 7.734000000000000000e+03 5.888000000000000000e+03 2.575000000000000000e+03 4.914000000000000000e+03 6.366000000000000000e+03 1.100000000000000000e+04
0.000000000000000000e+00 4.607000000000000000e+03 3.113000000000000000e+03 3.320000000000000000e+03 4.198000000000000000e+03 2.934000000000000000e+03 2.712000000000000000e+03 4.826000000000000000e+03 7.441000000000000000e+03 1.626200000000000000e+04
0.000000000000000000e+00 5.037000000000000000e+03 2.901000000000000000e+03 3.779000000000000000e+03 4.762000000000000000e+03 3.669000000000000000e+03 2.604000000000000000e+03 5.278000000000000000e+03 7.538000000000000000e+03 1.377600000000000000e+04
0.000000000000000000e+00 3.810000000000000000e+03 2.066000000000000000e+03 3.239000000000000000e+03 9.147000000000000000e+03 7.058000000000000000e+03 3.121000000000000000e+03 5.187000000000000000e+03 6.637000000000000000e+03 9.347000000000000000e+03
0.000000000000000000e+00 4.992000000000000000e+03 1.744000000000000000e+03 1.865000000000000000e+03 4.065000000000000000e+03 4.469000000000000000e+03 2.365000000000000000e+03 5.285000000000000000e+03 9.257000000000000000e+03 1.544200000000000000e+04
0.000000000000000000e+00 3.308000000000000000e+03 1.460000000000000000e+03 2.469000000000000000e+03 5.699000000000000000e+03 4.143000000000000000e+03 2.052000000000000000e+03 3.820000000000000000e+03 1.772500000000000000e+04 8.841000000000000000e+03
0.000000000000000000e+00 4.732000000000000000e+03 2.412000000000000000e+03 2.822000000000000000e+03 5.398000000000000000e+03 4.688000000000000000e+03 3.035000000000000000e+03 5.484000000000000000e+03 7.880000000000000000e+03 1.289300000000000000e+04
0.000000000000000000e+00 4.330000000000000000e+03 1.856000000000000000e+03 2.725000000000000000e+03 8.164000000000000000e+03 5.826000000000000000e+03 2.732000000000000000e+03 5.212000000000000000e+03 7.228000000000000000e+03 1.126200000000000000e+04
0.000000000000000000e+00 3.037000000000000000e+03 1.456000000000000000e+03 3.451000000000000000e+03 1.015100000000000000e+04 9.409000000000000000e+03 3.098000000000000000e+03 3.833000000000000000e+03 7.685000000000000000e+03 7.244000000000000000e+03
0.000000000000000000e+00 4.888000000000000000e+03 2.139000000000000000e+03 2.531000000000000000e+03 6.021000000000000000e+03 4.100000000000000000e+03 2.530000000000000000e+03 5.455000000000000000e+03 7.536000000000000000e+03 1.415000000000000000e+04
0.000000000000000000e+00 4.686000000000000000e+03 2.046000000000000000e+03 2.974000000000000000e+03 6.792000000000000000e+03 5.237000000000000000e+03 2.670000000000000000e+03 5.473000000000000000e+03 9.017000000000000000e+03 1.079100000000000000e+04
0.000000000000000000e+00 3.198000000000000000e+03 1.699000000000000000e+03 3.079000000000000000e+03 8.038000000000000000e+03 7.956000000000000000e+03 3.734000000000000000e+03 4.773000000000000000e+03 8.204000000000000000e+03 8.663000000000000000e+03
0.000000000000000000e+00 4.103000000000000000e+03 2.047000000000000000e+03 3.153000000000000000e+03 9.311000000000000000e+03 6.933000000000000000e+03 3.326000000000000000e+03 4.816000000000000000e+03 6.276000000000000000e+03 9.448000000000000000e+03
0.000000000000000000e+00 3.821000000000000000e+03 1.728000000000000000e+03 3.133000000000000000e+03 1.120300000000000000e+04 8.542000000000000000e+03 2.934000000000000000e+03 4.345000000000000000e+03 7.461000000000000000e+03 6.361000000000000000e+03
0.000000000000000000e+00 3.647000000000000000e+03 2.288000000000000000e+03 3.810000000000000000e+03 9.334000000000000000e+03 6.873000000000000000e+03 3.554000000000000000e+03 4.833000000000000000e+03 5.729000000000000000e+03 9.276000000000000000e+03
0.000000000000000000e+00 4.046000000000000000e+03 1.973000000000000000e+03 3.416000000000000000e+03 8.676000000000000000e+03 6.451000000000000000e+03 2.969000000000000000e+03 4.628000000000000000e+03 6.490000000000000000e+03 1.094500000000000000e+04
0.000000000000000000e+00 3.352000000000000000e+03 1.766000000000000000e+03 3.146000000000000000e+03 1.085400000000000000e+04 8.296000000000000000e+03 3.122000000000000000e+03 4.337000000000000000e+03 6.354000000000000000e+03 8.273000000000000000e+03
0.000000000000000000e+00 4.200000000000000000e+03 1.733000000000000000e+03 2.850000000000000000e+03 9.793000000000000000e+03 8.085000000000000000e+03 2.868000000000000000e+03 4.964000000000000000e+03 6.214000000000000000e+03 8.595000000000000000e+03
0.000000000000000000e+00 4.233000000000000000e+03 1.647000000000000000e+03 2.717000000000000000e+03 8.164000000000000000e+03 6.683000000000000000e+03 2.608000000000000000e+03 4.727000000000000000e+03 8.713000000000000000e+03 1.009800000000000000e+04
0.000000000000000000e+00 4.016000000000000000e+03 1.613000000000000000e+03 2.903000000000000000e+03 9.315000000000000000e+03 8.343000000000000000e+03 2.699000000000000000e+03 4.590000000000000000e+03 7.155000000000000000e+03 8.926000000000000000e+03
0.000000000000000000e+00 3.681000000000000000e+03 1.325000000000000000e+03 1.944000000000000000e+03 4.055000000000000000e+03 7.295000000000000000e+03 2.869000000000000000e+03 5.039000000000000000e+03 1.229200000000000000e+04 1.091300000000000000e+04
0.000000000000000000e+00 2.966000000000000000e+03 1.432000000000000000e+03 2.242000000000000000e+03 5.905000000000000000e+03 5.459000000000000000e+03 2.390000000000000000e+03 3.883000000000000000e+03 1.818700000000000000e+04 6.949000000000000000e+03
0.000000000000000000e+00 3.740000000000000000e+03 1.253000000000000000e+03 2.177000000000000000e+03 8.506000000000000000e+03 9.285000000000000000e+03 2.905000000000000000e+03 4.727000000000000000e+03 8.087000000000000000e+03 8.529000000000000000e+03
